#
# A fatal error has been detected by the Java Runtime Environment:
#
#  EXCEPTION_ACCESS_VIOLATION (0xc0000005) at pc=0x000000001c3e1066, pid=6680, tid=0x000000000000137c
#
# JRE version: Java(TM) SE Runtime Environment (8.0_201-b09) (build 1.8.0_201-b09)
# Java VM: Java HotSpot(TM) 64-Bit Server VM (25.201-b09 mixed mode windows-amd64 compressed oops)
# Problematic frame:
# C  [OpenAL64.dll+0x11066]
#
# Failed to write core dump. Minidumps are not enabled by default on client versions of Windows
#
# If you would like to submit a bug report, please visit:
#   http://bugreport.java.com/bugreport/crash.jsp
# The crash happened outside the Java Virtual Machine in native code.
# See problematic frame for where to report the bug.
#

---------------  T H R E A D  ---------------

Current thread (0x0000000002495800):  JavaThread "main" [_thread_in_native, id=4988, stack(0x0000000002390000,0x0000000002490000)]

siginfo: ExceptionCode=0xc0000005, reading address 0x000000001a69d004

Registers:
RAX=0x000000000004ffff, RBX=0x000000001df10090, RCX=0x000000001a69d008, RDX=0x000000001a69d004
RSP=0x000000000248d100, RBP=0x00000000000000ff, RSI=0x000000001a68dbbc, RDI=0x0000000000000000
R8 =0x0000000000003d12, R9 =0x000000001a68dbbc, R10=0x00000000025a8c3b, R11=0x0000000054e4cd40
R12=0x0000000000000001, R13=0x000000001da683d8, R14=0x000000000248d2a0, R15=0x0000000002495800
RIP=0x000000001c3e1066, EFLAGS=0x0000000000010202

Top of Stack: (sp=0x000000000248d100)
0x000000000248d100:   0000000000000000 0000000018caf770
0x000000000248d110:   0000000000bf7ee0 0000000002495800
0x000000000248d120:   000000001da683d8 0000000000000000
0x000000000248d130:   0000000002495800 0000000000bf7ee0
0x000000000248d140:   000000001da683d8 000000000248d2a0
0x000000000248d150:   0000000000bf8770 0000000054cdc486
0x000000000248d160:   000000000248da38 0000000002495d70
0x000000000248d170:   0000000002495800 000000000248d2a0
0x000000000248d180:   000000001da683d8 0000000000000000
0x000000000248d190:   000000001a68dbbc 0000000000000248
0x000000000248d1a0:   000000000248d268 000000001c3e248f
0x000000000248d1b0:   000000001df10090 000000001df10090
0x000000000248d1c0:   000000000000ac44 000000000004ffff
0x000000000248d1d0:   0000000002597e70 00000000025a8c67
0x000000000248d1e0:   000000001da683d8 0000000002597e70
0x000000000248d1f0:   0000000002597e70 00000000025a89ab 

Instructions: (pc=0x000000001c3e1066)
0x000000001c3e1046:   41 2b ec 81 3a 03 00 02 00 75 09 8b 01 89 84 24
0x000000001c3e1056:   c8 00 00 00 49 83 c0 02 48 83 c1 08 4a 8d 14 86
0x000000001c3e1066:   39 3a 75 af 4c 8d 84 24 c0 00 00 00 48 8d 15 d7
0x000000001c3e1076:   2b 03 00 33 c9 e8 58 5f 00 00 b8 40 1f 00 00 4c 


Register to memory mapping:

RAX=0x000000000004ffff is an unknown value
RBX=0x000000001df10090 is an unknown value
RCX=0x000000001a69d008 is an unknown value
RDX=0x000000001a69d004 is an unknown value
RSP=0x000000000248d100 is pointing into the stack for thread: 0x0000000002495800
RBP=0x00000000000000ff is an unknown value
RSI=0x000000001a68dbbc is an unknown value
RDI=0x0000000000000000 is an unknown value
R8 =0x0000000000003d12 is an unknown value
R9 =0x000000001a68dbbc is an unknown value
R10=0x00000000025a8c3b is at code_begin+891 in an Interpreter codelet
method entry point (kind = native)  [0x00000000025a88c0, 0x00000000025a9280]  2496 bytes
R11=0x0000000054e4cd40 is an unknown value
R12=0x0000000000000001 is an unknown value
R13={method} {0x000000001da683e0} 'nalcCreateContext' '(JJ)J' in 'org/lwjgl/openal/ALC10'
R14=0x000000000248d2a0 is pointing into the stack for thread: 0x0000000002495800
R15=0x0000000002495800 is a thread


Stack: [0x0000000002390000,0x0000000002490000],  sp=0x000000000248d100,  free space=1012k
Native frames: (J=compiled Java code, j=interpreted, Vv=VM code, C=native code)
C  [OpenAL64.dll+0x11066]
C  [OpenAL64.dll+0x1248f]
C  0x00000000025a8c67

Java frames: (J=compiled Java code, j=interpreted, Vv=VM code)
j  org.lwjgl.openal.ALC10.nalcCreateContext(JJ)J+0
j  org.lwjgl.openal.ALC10.alcCreateContext(Lorg/lwjgl/openal/ALCdevice;Ljava/nio/IntBuffer;)Lorg/lwjgl/openal/ALCcontext;+8
j  org.lwjgl.openal.AL.init(Ljava/lang/String;IIZZ)V+69
j  org.lwjgl.openal.AL.create(Ljava/lang/String;IIZZ)V+246
j  org.lwjgl.openal.AL.create(Ljava/lang/String;IIZ)V+5
j  org.lwjgl.openal.AL.create()V+6
j  com.badlogic.gdx.backends.lwjgl.audio.OpenALAudio.<init>(III)V+114
j  com.badlogic.gdx.backends.lwjgl.LwjglApplication.<init>(Lcom/badlogic/gdx/ApplicationListener;Lcom/badlogic/gdx/backends/lwjgl/LwjglApplicationConfiguration;Lcom/badlogic/gdx/backends/lwjgl/LwjglGraphics;)V+120
j  com.badlogic.gdx.backends.lwjgl.LwjglApplication.<init>(Lcom/badlogic/gdx/ApplicationListener;Lcom/badlogic/gdx/backends/lwjgl/LwjglApplicationConfiguration;)V+11
j  org.uqbar.project.wollok.game.gameboard.WollokGDXApplication.<init>(Lorg/uqbar/project/wollok/game/gameboard/Gameboard;Ljava/lang/Boolean;)V+17
j  org.uqbar.project.wollok.game.helpers.Application.start(Lorg/uqbar/project/wollok/game/gameboard/Gameboard;Ljava/lang/Boolean;)V+5
j  org.uqbar.project.wollok.game.gameboard.Gameboard.start(Ljava/lang/Boolean;)V+13
j  wollok.game.GameObject.doStart(Ljava/lang/Boolean;)V+5
v  ~StubRoutines::call_stub
J 3321  sun.reflect.NativeMethodAccessorImpl.invoke0(Ljava/lang/reflect/Method;Ljava/lang/Object;[Ljava/lang/Object;)Ljava/lang/Object; (0 bytes) @ 0x000000000305387f [0x0000000003053800+0x7f]
J 3320 C1 sun.reflect.NativeMethodAccessorImpl.invoke(Ljava/lang/Object;[Ljava/lang/Object;)Ljava/lang/Object; (104 bytes) @ 0x000000000305b6a4 [0x000000000305a500+0x11a4]
J 3960 C2 org.uqbar.project.wollok.ui.utils.XTendUtilExtensions.invokeConvertingArgs(Ljava/lang/reflect/Method;Ljava/lang/Object;[Ljava/lang/Object;)Lorg/uqbar/project/wollok/interpreter/core/WollokObject; (378 bytes) @ 0x000000000339082c [0x0000000003390480+0x3ac]
J 3917 C2 org.uqbar.project.wollok.interpreter.AbstractWollokCallable$1.apply()Ljava/lang/Object; (5 bytes) @ 0x0000000003341654 [0x00000000033412e0+0x374]
J 3829 C2 org.uqbar.project.wollok.interpreter.threads.WThread.performOnStack(Lorg/eclipse/emf/ecore/EObject;Lorg/uqbar/project/wollok/interpreter/context/EvaluationContext;Lorg/eclipse/xtext/xbase/lib/Functions$Function0;)Lorg/uqbar/project/wollok/interpreter/core/WollokObject; (163 bytes) @ 0x00000000032b5bcc [0x00000000032b5a20+0x1ac]
J 3964 C2 org.uqbar.project.wollok.interpreter.core.WollokObject.call(Ljava/lang/String;[Lorg/uqbar/project/wollok/interpreter/core/WollokObject;)Lorg/uqbar/project/wollok/interpreter/core/WollokObject; (61 bytes) @ 0x00000000026c6284 [0x00000000026c5f00+0x384]
J 3471 C1 org.uqbar.project.wollok.interpreter.WollokInterpreterEvaluator._evaluate(Lorg/uqbar/project/wollok/wollokDsl/WFeatureCall;)Lorg/uqbar/project/wollok/interpreter/core/WollokObject; (125 bytes) @ 0x00000000030e3d04 [0x00000000030e1e20+0x1ee4]
J 4020 C1 org.uqbar.project.wollok.launch.WollokLauncherInterpreterEvaluator.evaluate(Lorg/eclipse/emf/ecore/EObject;)Lorg/uqbar/project/wollok/interpreter/core/WollokObject; (502 bytes) @ 0x00000000033c45ac [0x00000000033c0400+0x41ac]
J 3701 C2 org.uqbar.project.wollok.interpreter.WollokInterpreter.eval(Lorg/eclipse/emf/ecore/EObject;)Lorg/uqbar/project/wollok/interpreter/core/WollokObject; (190 bytes) @ 0x0000000003213dc4 [0x0000000003213b60+0x264]
J 3957 C2 org.uqbar.project.wollok.interpreter.WollokInterpreterEvaluator._evaluate(Lorg/uqbar/project/wollok/wollokDsl/WBlockExpression;)Lorg/uqbar/project/wollok/interpreter/core/WollokObject; (40 bytes) @ 0x000000000335c014 [0x000000000335bec0+0x154]
J 4020 C1 org.uqbar.project.wollok.launch.WollokLauncherInterpreterEvaluator.evaluate(Lorg/eclipse/emf/ecore/EObject;)Lorg/uqbar/project/wollok/interpreter/core/WollokObject; (502 bytes) @ 0x00000000033c7d64 [0x00000000033c0400+0x7964]
J 3701 C2 org.uqbar.project.wollok.interpreter.WollokInterpreter.eval(Lorg/eclipse/emf/ecore/EObject;)Lorg/uqbar/project/wollok/interpreter/core/WollokObject; (190 bytes) @ 0x0000000003213dc4 [0x0000000003213b60+0x264]
J 3917 C2 org.uqbar.project.wollok.interpreter.AbstractWollokCallable$1.apply()Ljava/lang/Object; (5 bytes) @ 0x000000000334135c [0x00000000033412e0+0x7c]
J 3829 C2 org.uqbar.project.wollok.interpreter.threads.WThread.performOnStack(Lorg/eclipse/emf/ecore/EObject;Lorg/uqbar/project/wollok/interpreter/context/EvaluationContext;Lorg/eclipse/xtext/xbase/lib/Functions$Function0;)Lorg/uqbar/project/wollok/interpreter/core/WollokObject; (163 bytes) @ 0x00000000032b5bcc [0x00000000032b5a20+0x1ac]
J 3964 C2 org.uqbar.project.wollok.interpreter.core.WollokObject.call(Ljava/lang/String;[Lorg/uqbar/project/wollok/interpreter/core/WollokObject;)Lorg/uqbar/project/wollok/interpreter/core/WollokObject; (61 bytes) @ 0x00000000026c6284 [0x00000000026c5f00+0x384]
J 3471 C1 org.uqbar.project.wollok.interpreter.WollokInterpreterEvaluator._evaluate(Lorg/uqbar/project/wollok/wollokDsl/WFeatureCall;)Lorg/uqbar/project/wollok/interpreter/core/WollokObject; (125 bytes) @ 0x00000000030e3d04 [0x00000000030e1e20+0x1ee4]
J 4020 C1 org.uqbar.project.wollok.launch.WollokLauncherInterpreterEvaluator.evaluate(Lorg/eclipse/emf/ecore/EObject;)Lorg/uqbar/project/wollok/interpreter/core/WollokObject; (502 bytes) @ 0x00000000033c45ac [0x00000000033c0400+0x41ac]
J 3701 C2 org.uqbar.project.wollok.interpreter.WollokInterpreter.eval(Lorg/eclipse/emf/ecore/EObject;)Lorg/uqbar/project/wollok/interpreter/core/WollokObject; (190 bytes) @ 0x0000000003213dc4 [0x0000000003213b60+0x264]
J 3418 C1 org.uqbar.project.wollok.interpreter.WollokInterpreterEvaluator$1.apply(Ljava/lang/Object;Ljava/lang/Object;)Ljava/lang/Object; (13 bytes) @ 0x00000000030aa964 [0x00000000030aa5e0+0x384]
j  org.eclipse.xtext.xbase.lib.IteratorExtensions.fold(Ljava/util/Iterator;Ljava/lang/Object;Lorg/eclipse/xtext/xbase/lib/Functions$Function2;)Ljava/lang/Object;+19
j  org.eclipse.xtext.xbase.lib.IterableExtensions.fold(Ljava/lang/Iterable;Ljava/lang/Object;Lorg/eclipse/xtext/xbase/lib/Functions$Function2;)Ljava/lang/Object;+8
j  org.uqbar.project.wollok.interpreter.WollokInterpreterEvaluator.evalAll(Ljava/lang/Iterable;)Lorg/uqbar/project/wollok/interpreter/core/WollokObject;+12
j  org.uqbar.project.wollok.interpreter.WollokInterpreterEvaluator._evaluate(Lorg/uqbar/project/wollok/wollokDsl/WProgram;)Lorg/uqbar/project/wollok/interpreter/core/WollokObject;+18
j  org.uqbar.project.wollok.launch.WollokLauncherInterpreterEvaluator.evaluate(Lorg/eclipse/emf/ecore/EObject;)Lorg/uqbar/project/wollok/interpreter/core/WollokObject;+444
j  org.uqbar.project.wollok.interpreter.WollokInterpreterEvaluator.evaluate(Lorg/eclipse/emf/ecore/EObject;)Ljava/lang/Object;+2
j  org.uqbar.project.wollok.interpreter.WollokInterpreter.eval(Lorg/eclipse/emf/ecore/EObject;)Lorg/uqbar/project/wollok/interpreter/core/WollokObject;+63
j  org.uqbar.project.wollok.interpreter.WollokInterpreterEvaluator.eval(Lorg/eclipse/emf/ecore/EObject;)Lorg/uqbar/project/wollok/interpreter/core/WollokObject;+5
j  org.uqbar.project.wollok.launch.WollokLauncherInterpreterEvaluator._evaluate(Lorg/uqbar/project/wollok/wollokDsl/WFile;)Lorg/uqbar/project/wollok/interpreter/core/WollokObject;+32
j  org.uqbar.project.wollok.launch.WollokLauncherInterpreterEvaluator.evaluate(Lorg/eclipse/emf/ecore/EObject;)Lorg/uqbar/project/wollok/interpreter/core/WollokObject;+428
j  org.uqbar.project.wollok.interpreter.WollokInterpreterEvaluator.evaluate(Lorg/eclipse/emf/ecore/EObject;)Ljava/lang/Object;+2
j  org.uqbar.project.wollok.interpreter.WollokInterpreter.interpret(Lorg/eclipse/emf/ecore/EObject;Ljava/lang/Boolean;)Lorg/uqbar/project/wollok/interpreter/core/WollokObject;+25
j  org.uqbar.project.wollok.interpreter.WollokInterpreter.interpret(Lorg/eclipse/emf/ecore/EObject;)Lorg/uqbar/project/wollok/interpreter/core/WollokObject;+8
j  org.uqbar.project.wollok.launch.WollokLauncher.doSomething(Lorg/uqbar/project/wollok/wollokDsl/WFile;Lcom/google/inject/Injector;Ljava/io/File;Lorg/uqbar/project/wollok/launch/WollokLauncherParameters;)V+57
j  org.uqbar.project.wollok.launch.WollokChecker.launch(Ljava/lang/String;Lorg/uqbar/project/wollok/launch/WollokLauncherParameters;)V+31
j  org.uqbar.project.wollok.launch.WollokChecker.doMain([Ljava/lang/String;)V+201
j  org.uqbar.project.wollok.launch.WollokLauncher.main([Ljava/lang/String;)V+8
v  ~StubRoutines::call_stub

---------------  P R O C E S S  ---------------

Java Threads: ( => current thread )
  0x0000000019c64800 JavaThread "com.google.inject.internal.util.$Finalizer" daemon [_thread_blocked, id=1300, stack(0x000000001aba0000,0x000000001aca0000)]
  0x0000000019666800 JavaThread "EMF Reference Cleaner" daemon [_thread_blocked, id=13856, stack(0x000000001a8a0000,0x000000001a9a0000)]
  0x0000000018b18800 JavaThread "Service Thread" daemon [_thread_blocked, id=11788, stack(0x0000000018ed0000,0x0000000018fd0000)]
  0x0000000017175800 JavaThread "C1 CompilerThread2" daemon [_thread_blocked, id=14460, stack(0x00000000189d0000,0x0000000018ad0000)]
  0x0000000017167000 JavaThread "C2 CompilerThread1" daemon [_thread_blocked, id=2712, stack(0x00000000188d0000,0x00000000189d0000)]
  0x0000000017163800 JavaThread "C2 CompilerThread0" daemon [_thread_blocked, id=15512, stack(0x00000000187d0000,0x00000000188d0000)]
  0x0000000017162000 JavaThread "Attach Listener" daemon [_thread_blocked, id=16864, stack(0x00000000186d0000,0x00000000187d0000)]
  0x000000001715f000 JavaThread "Signal Dispatcher" daemon [_thread_blocked, id=6420, stack(0x00000000185d0000,0x00000000186d0000)]
  0x000000001714f800 JavaThread "Finalizer" daemon [_thread_blocked, id=9804, stack(0x00000000183b0000,0x00000000184b0000)]
  0x0000000002584800 JavaThread "Reference Handler" daemon [_thread_blocked, id=16016, stack(0x00000000182b0000,0x00000000183b0000)]
=>0x0000000002495800 JavaThread "main" [_thread_in_native, id=4988, stack(0x0000000002390000,0x0000000002490000)]

Other Threads:
  0x0000000017128800 VMThread [stack: 0x00000000181b0000,0x00000000182b0000] [id=13688]
  0x0000000018b22000 WatcherThread [stack: 0x0000000018fd0000,0x00000000190d0000] [id=4140]

VM state:not at safepoint (normal execution)

VM Mutex/Monitor currently owned by a thread: None

heap address: 0x0000000080800000, size: 2040 MB, Compressed Oops mode: 32-bit
Narrow klass base: 0x0000000000000000, Narrow klass shift: 3
Compressed class space size: 1073741824 Address: 0x0000000100000000

Heap:
 PSYoungGen      total 484864K, used 19328K [0x00000000d5800000, 0x00000000f6100000, 0x0000000100000000)
  eden space 483840K, 3% used [0x00000000d5800000,0x00000000d6ae0188,0x00000000f3080000)
  from space 1024K, 0% used [0x00000000f6000000,0x00000000f6000000,0x00000000f6100000)
  to   space 18944K, 0% used [0x00000000f3c00000,0x00000000f3c00000,0x00000000f4e80000)
 ParOldGen       total 85504K, used 23160K [0x0000000080800000, 0x0000000085b80000, 0x00000000d5800000)
  object space 85504K, 27% used [0x0000000080800000,0x0000000081e9e378,0x0000000085b80000)
 Metaspace       used 21132K, capacity 21398K, committed 21504K, reserved 1069056K
  class space    used 2681K, capacity 2739K, committed 2816K, reserved 1048576K

Card table byte_map: [0x0000000011950000,0x0000000011d50000] byte_map_base: 0x000000001154c000

Marking Bits: (ParMarkBitMap*) 0x0000000055444ce0
 Begin Bits: [0x0000000012400000, 0x00000000143e0000)
 End Bits:   [0x00000000143e0000, 0x00000000163c0000)

Polling page: 0x00000000001f0000

CodeCache: size=245760Kb used=14703Kb max_used=14724Kb free=231056Kb
 bounds [0x0000000002590000, 0x0000000003410000, 0x0000000011590000]
 total_blobs=4493 nmethods=4068 adapters=334
 compilation: enabled

Compilation events (10 events):
Event: 6.850 Thread 0x0000000017175800 4077       3       java.nio.DirectByteBuffer::put (18 bytes)
Event: 6.850 Thread 0x0000000017175800 nmethod 4077 0x00000000033e6ed0 code [0x00000000033e7040, 0x00000000033e72b0]
Event: 6.850 Thread 0x0000000017175800 4078       3       java.nio.DirectByteBuffer::ix (10 bytes)
Event: 6.850 Thread 0x0000000017175800 nmethod 4078 0x00000000033e6bd0 code [0x00000000033e6d20, 0x00000000033e6e70]
Event: 6.851 Thread 0x0000000017175800 4080       3       java.nio.DirectByteBuffer::put (18 bytes)
Event: 6.851 Thread 0x0000000017175800 nmethod 4080 0x00000000033e66d0 code [0x00000000033e6840, 0x00000000033e6ab0]
Event: 6.851 Thread 0x0000000017175800 4081       1       java.nio.DirectByteBuffer::ix (10 bytes)
Event: 6.851 Thread 0x0000000017175800 nmethod 4081 0x00000000033f1810 code [0x00000000033f1960, 0x00000000033f1a70]
Event: 6.855 Thread 0x0000000017175800 4082       3       sun.reflect.MethodAccessorImpl::<init> (5 bytes)
Event: 6.855 Thread 0x0000000017175800 nmethod 4082 0x00000000033f3390 code [0x00000000033f3500, 0x00000000033f3710]

GC Heap History (10 events):
Event: 3.992 GC heap before
{Heap before GC invocations=7 (full 0):
 PSYoungGen      total 284672K, used 271440K [0x00000000d5800000, 0x00000000e8000000, 0x0000000100000000)
  eden space 266240K, 100% used [0x00000000d5800000,0x00000000e5c00000,0x00000000e5c00000)
  from space 18432K, 28% used [0x00000000e6e00000,0x00000000e7314010,0x00000000e8000000)
  to   space 18432K, 0% used [0x00000000e5c00000,0x00000000e5c00000,0x00000000e6e00000)
 ParOldGen       total 87552K, used 25442K [0x0000000080800000, 0x0000000085d80000, 0x00000000d5800000)
  object space 87552K, 29% used [0x0000000080800000,0x00000000820d8820,0x0000000085d80000)
 Metaspace       used 20120K, capacity 20368K, committed 20608K, reserved 1067008K
  class space    used 2566K, capacity 2610K, committed 2688K, reserved 1048576K
Event: 4.003 GC heap after
Heap after GC invocations=7 (full 0):
 PSYoungGen      total 284672K, used 1728K [0x00000000d5800000, 0x00000000f8500000, 0x0000000100000000)
  eden space 266240K, 0% used [0x00000000d5800000,0x00000000d5800000,0x00000000e5c00000)
  from space 18432K, 9% used [0x00000000e5c00000,0x00000000e5db0000,0x00000000e6e00000)
  to   space 18944K, 0% used [0x00000000f7280000,0x00000000f7280000,0x00000000f8500000)
 ParOldGen       total 87552K, used 28944K [0x0000000080800000, 0x0000000085d80000, 0x00000000d5800000)
  object space 87552K, 33% used [0x0000000080800000,0x0000000082444360,0x0000000085d80000)
 Metaspace       used 20120K, capacity 20368K, committed 20608K, reserved 1067008K
  class space    used 2566K, capacity 2610K, committed 2688K, reserved 1048576K
}
Event: 4.828 GC heap before
{Heap before GC invocations=8 (full 0):
 PSYoungGen      total 284672K, used 267968K [0x00000000d5800000, 0x00000000f8500000, 0x0000000100000000)
  eden space 266240K, 100% used [0x00000000d5800000,0x00000000e5c00000,0x00000000e5c00000)
  from space 18432K, 9% used [0x00000000e5c00000,0x00000000e5db0000,0x00000000e6e00000)
  to   space 18944K, 0% used [0x00000000f7280000,0x00000000f7280000,0x00000000f8500000)
 ParOldGen       total 87552K, used 28944K [0x0000000080800000, 0x0000000085d80000, 0x00000000d5800000)
  object space 87552K, 33% used [0x0000000080800000,0x0000000082444360,0x0000000085d80000)
 Metaspace       used 20147K, capacity 20368K, committed 20608K, reserved 1067008K
  class space    used 2566K, capacity 2610K, committed 2688K, reserved 1048576K
Event: 4.830 GC heap after
Heap after GC invocations=8 (full 0):
 PSYoungGen      total 550912K, used 352K [0x00000000d5800000, 0x00000000f8600000, 0x0000000100000000)
  eden space 531968K, 0% used [0x00000000d5800000,0x00000000d5800000,0x00000000f5f80000)
  from space 18944K, 1% used [0x00000000f7280000,0x00000000f72d8000,0x00000000f8500000)
  to   space 19456K, 0% used [0x00000000f5f80000,0x00000000f5f80000,0x00000000f7280000)
 ParOldGen       total 87552K, used 30471K [0x0000000080800000, 0x0000000085d80000, 0x00000000d5800000)
  object space 87552K, 34% used [0x0000000080800000,0x00000000825c1eb8,0x0000000085d80000)
 Metaspace       used 20147K, capacity 20368K, committed 20608K, reserved 1067008K
  class space    used 2566K, capacity 2610K, committed 2688K, reserved 1048576K
}
Event: 6.578 GC heap before
{Heap before GC invocations=9 (full 0):
 PSYoungGen      total 550912K, used 532320K [0x00000000d5800000, 0x00000000f8600000, 0x0000000100000000)
  eden space 531968K, 100% used [0x00000000d5800000,0x00000000f5f80000,0x00000000f5f80000)
  from space 18944K, 1% used [0x00000000f7280000,0x00000000f72d8000,0x00000000f8500000)
  to   space 19456K, 0% used [0x00000000f5f80000,0x00000000f5f80000,0x00000000f7280000)
 ParOldGen       total 87552K, used 30471K [0x0000000080800000, 0x0000000085d80000, 0x00000000d5800000)
  object space 87552K, 34% used [0x0000000080800000,0x00000000825c1eb8,0x0000000085d80000)
 Metaspace       used 20155K, capacity 20368K, committed 20608K, reserved 1067008K
  class space    used 2566K, capacity 2610K, committed 2688K, reserved 1048576K
Event: 6.579 GC heap after
Heap after GC invocations=9 (full 0):
 PSYoungGen      total 507904K, used 288K [0x00000000d5800000, 0x00000000f7300000, 0x0000000100000000)
  eden space 507392K, 0% used [0x00000000d5800000,0x00000000d5800000,0x00000000f4780000)
  from space 512K, 56% used [0x00000000f5f80000,0x00000000f5fc8000,0x00000000f6000000)
  to   space 19456K, 0% used [0x00000000f6000000,0x00000000f6000000,0x00000000f7300000)
 ParOldGen       total 87552K, used 30591K [0x0000000080800000, 0x0000000085d80000, 0x00000000d5800000)
  object space 87552K, 34% used [0x0000000080800000,0x00000000825dfeb8,0x0000000085d80000)
 Metaspace       used 20155K, capacity 20368K, committed 20608K, reserved 1067008K
  class space    used 2566K, capacity 2610K, committed 2688K, reserved 1048576K
}
Event: 6.767 GC heap before
{Heap before GC invocations=10 (full 0):
 PSYoungGen      total 507904K, used 31034K [0x00000000d5800000, 0x00000000f7300000, 0x0000000100000000)
  eden space 507392K, 6% used [0x00000000d5800000,0x00000000d7606b88,0x00000000f4780000)
  from space 512K, 56% used [0x00000000f5f80000,0x00000000f5fc8000,0x00000000f6000000)
  to   space 19456K, 0% used [0x00000000f6000000,0x00000000f6000000,0x00000000f7300000)
 ParOldGen       total 87552K, used 30591K [0x0000000080800000, 0x0000000085d80000, 0x00000000d5800000)
  object space 87552K, 34% used [0x0000000080800000,0x00000000825dfeb8,0x0000000085d80000)
 Metaspace       used 20907K, capacity 21142K, committed 21248K, reserved 1067008K
  class space    used 2648K, capacity 2739K, committed 2816K, reserved 1048576K
Event: 6.768 GC heap after
Heap after GC invocations=10 (full 0):
 PSYoungGen      total 484864K, used 614K [0x00000000d5800000, 0x00000000f6100000, 0x0000000100000000)
  eden space 483840K, 0% used [0x00000000d5800000,0x00000000d5800000,0x00000000f3080000)
  from space 1024K, 59% used [0x00000000f6000000,0x00000000f6099920,0x00000000f6100000)
  to   space 18944K, 0% used [0x00000000f3c00000,0x00000000f3c00000,0x00000000f4e80000)
 ParOldGen       total 87552K, used 30759K [0x0000000080800000, 0x0000000085d80000, 0x00000000d5800000)
  object space 87552K, 35% used [0x0000000080800000,0x0000000082609eb8,0x0000000085d80000)
 Metaspace       used 20907K, capacity 21142K, committed 21248K, reserved 1067008K
  class space    used 2648K, capacity 2739K, committed 2816K, reserved 1048576K
}
Event: 6.768 GC heap before
{Heap before GC invocations=11 (full 1):
 PSYoungGen      total 484864K, used 614K [0x00000000d5800000, 0x00000000f6100000, 0x0000000100000000)
  eden space 483840K, 0% used [0x00000000d5800000,0x00000000d5800000,0x00000000f3080000)
  from space 1024K, 59% used [0x00000000f6000000,0x00000000f6099920,0x00000000f6100000)
  to   space 18944K, 0% used [0x00000000f3c00000,0x00000000f3c00000,0x00000000f4e80000)
 ParOldGen       total 87552K, used 30759K [0x0000000080800000, 0x0000000085d80000, 0x00000000d5800000)
  object space 87552K, 35% used [0x0000000080800000,0x0000000082609eb8,0x0000000085d80000)
 Metaspace       used 20907K, capacity 21142K, committed 21248K, reserved 1067008K
  class space    used 2648K, capacity 2739K, committed 2816K, reserved 1048576K
Event: 6.834 GC heap after
Heap after GC invocations=11 (full 1):
 PSYoungGen      total 484864K, used 0K [0x00000000d5800000, 0x00000000f6100000, 0x0000000100000000)
  eden space 483840K, 0% used [0x00000000d5800000,0x00000000d5800000,0x00000000f3080000)
  from space 1024K, 0% used [0x00000000f6000000,0x00000000f6000000,0x00000000f6100000)
  to   space 18944K, 0% used [0x00000000f3c00000,0x00000000f3c00000,0x00000000f4e80000)
 ParOldGen       total 85504K, used 23160K [0x0000000080800000, 0x0000000085b80000, 0x00000000d5800000)
  object space 85504K, 27% used [0x0000000080800000,0x0000000081e9e378,0x0000000085b80000)
 Metaspace       used 20907K, capacity 21142K, committed 21248K, reserved 1067008K
  class space    used 2648K, capacity 2739K, committed 2816K, reserved 1048576K
}

Deoptimization events (10 events):
Event: 6.621 Thread 0x0000000002495800 Uncommon trap: reason=bimorphic action=maybe_recompile pc=0x00000000033616a0 method=org.uqbar.project.wollok.interpreter.WollokInterpreterEvaluator._evaluate(Lorg/uqbar/project/wollok/wollokDsl/WVariableReference;)Lorg/uqbar/project/wollok/interpreter/cor
Event: 6.625 Thread 0x0000000002495800 Uncommon trap: reason=bimorphic action=maybe_recompile pc=0x00000000033616a0 method=org.uqbar.project.wollok.interpreter.WollokInterpreterEvaluator._evaluate(Lorg/uqbar/project/wollok/wollokDsl/WVariableReference;)Lorg/uqbar/project/wollok/interpreter/cor
Event: 6.625 Thread 0x0000000002495800 Uncommon trap: reason=bimorphic action=maybe_recompile pc=0x00000000032ddd24 method=org.uqbar.project.wollok.interpreter.WollokInterpreterEvaluator.getWKObject(Ljava/lang/String;Lorg/eclipse/emf/ecore/EObject;)Lorg/uqbar/project/wollok/interpreter/core/Wo
Event: 6.628 Thread 0x0000000002495800 Uncommon trap: reason=unstable_if action=reinterpret pc=0x00000000026c8d24 method=org.uqbar.project.wollok.model.WollokModelExtensions.matches(Lorg/uqbar/project/wollok/wollokDsl/WConstructor;I)Z @ 8
Event: 6.628 Thread 0x0000000002495800 Uncommon trap: reason=unstable_if action=reinterpret pc=0x0000000003318838 method=org.uqbar.project.wollok.model.WollokModelExtensions.matches(Lorg/uqbar/project/wollok/wollokDsl/WConstructor;I)Z @ 8
Event: 6.637 Thread 0x0000000002495800 Uncommon trap: reason=unstable_if action=reinterpret pc=0x00000000031b5570 method=org.uqbar.project.wollok.interpreter.WollokInterpreter.resolve(Ljava/lang/String;)Lorg/uqbar/project/wollok/interpreter/core/WollokObject; @ 10
Event: 6.637 Thread 0x0000000002495800 Uncommon trap: reason=class_check action=maybe_recompile pc=0x00000000033da444 method=com.google.inject.internal.InjectorImpl$4$1.call(Lcom/google/inject/internal/InternalContext;)Ljava/lang/Object; @ 32
Event: 6.637 Thread 0x0000000002495800 Uncommon trap: reason=bimorphic action=maybe_recompile pc=0x0000000003221998 method=com.google.common.collect.Iterables.toArray(Ljava/lang/Iterable;Ljava/lang/Class;)[Ljava/lang/Object; @ 7
Event: 6.637 Thread 0x0000000002495800 Uncommon trap: reason=bimorphic action=maybe_recompile pc=0x000000000313aa28 method=java.lang.Iterable.forEach(Ljava/util/function/Consumer;)V @ 13
Event: 6.638 Thread 0x0000000002495800 Uncommon trap: reason=unstable_if action=reinterpret pc=0x00000000032d8550 method=java.lang.Class.privateGetPublicMethods()[Ljava/lang/reflect/Method; @ 18

Classes redefined (0 events):
No events

Internal exceptions (10 events):
Event: 1.698 Thread 0x0000000002495800 Exception <a 'java/io/FileNotFoundException'> (0x00000000d726b3d8) thrown at [C:\re\workspace\8-2-build-windows-amd64-cygwin\jdk8u201\12322\hotspot\src\share\vm\prims\jni.cpp, line 709]
Event: 1.699 Thread 0x0000000002495800 Exception <a 'java/io/FileNotFoundException'> (0x00000000d7275810) thrown at [C:\re\workspace\8-2-build-windows-amd64-cygwin\jdk8u201\12322\hotspot\src\share\vm\prims\jni.cpp, line 709]
Event: 3.138 Thread 0x0000000002495800 Implicit null exception at 0x0000000003260e1c to 0x000000000326301d
Event: 6.638 Thread 0x0000000002495800 Implicit null exception at 0x00000000032d6adc to 0x00000000032d8525
Event: 6.855 Thread 0x0000000002495800 Exception <a 'java/security/PrivilegedActionException'> (0x00000000d629baf0) thrown at [C:\re\workspace\8-2-build-windows-amd64-cygwin\jdk8u201\12322\hotspot\src\share\vm\prims\jvm.cpp, line 1502]
Event: 6.855 Thread 0x0000000002495800 Exception <a 'java/security/PrivilegedActionException'> (0x00000000d629d020) thrown at [C:\re\workspace\8-2-build-windows-amd64-cygwin\jdk8u201\12322\hotspot\src\share\vm\prims\jvm.cpp, line 1502]
Event: 6.855 Thread 0x0000000002495800 Exception <a 'java/security/PrivilegedActionException'> (0x00000000d629e450) thrown at [C:\re\workspace\8-2-build-windows-amd64-cygwin\jdk8u201\12322\hotspot\src\share\vm\prims\jvm.cpp, line 1502]
Event: 6.855 Thread 0x0000000002495800 Exception <a 'java/security/PrivilegedActionException'> (0x00000000d629fb10) thrown at [C:\re\workspace\8-2-build-windows-amd64-cygwin\jdk8u201\12322\hotspot\src\share\vm\prims\jvm.cpp, line 1502]
Event: 6.855 Thread 0x0000000002495800 Exception <a 'java/security/PrivilegedActionException'> (0x00000000d62a0f08) thrown at [C:\re\workspace\8-2-build-windows-amd64-cygwin\jdk8u201\12322\hotspot\src\share\vm\prims\jvm.cpp, line 1502]
Event: 6.855 Thread 0x0000000002495800 Exception <a 'java/security/PrivilegedActionException'> (0x00000000d62a22d0) thrown at [C:\re\workspace\8-2-build-windows-amd64-cygwin\jdk8u201\12322\hotspot\src\share\vm\prims\jvm.cpp, line 1502]

Events (10 events):
Event: 6.873 loading class org/lwjgl/openal/ALCdevice
Event: 6.873 loading class org/lwjgl/openal/ALCdevice done
Event: 6.874 loading class org/lwjgl/openal/ALCcontext
Event: 6.874 loading class org/lwjgl/openal/ALCcontext done
Event: 6.874 loading class java/nio/DirectIntBufferU
Event: 6.874 loading class java/nio/DirectIntBufferU done
Event: 6.874 loading class org/lwjgl/openal/Util
Event: 6.874 loading class org/lwjgl/openal/Util done
Event: 6.874 loading class org/lwjgl/openal/OpenALException
Event: 6.874 loading class org/lwjgl/openal/OpenALException done


Dynamic libraries:
0x00007ff7140e0000 - 0x00007ff714117000 	C:\Program Files\Java\jre1.8.0_201\bin\javaw.exe
0x00007ffe19a20000 - 0x00007ffe19c0d000 	C:\WINDOWS\SYSTEM32\ntdll.dll
0x00007ffe174c0000 - 0x00007ffe17573000 	C:\WINDOWS\System32\KERNEL32.DLL
0x00007ffe15cf0000 - 0x00007ffe15f83000 	C:\WINDOWS\System32\KERNELBASE.dll
0x00007ffe19940000 - 0x00007ffe199e3000 	C:\WINDOWS\System32\ADVAPI32.dll
0x00007ffe198a0000 - 0x00007ffe1993e000 	C:\WINDOWS\System32\msvcrt.dll
0x00007ffe17ac0000 - 0x00007ffe17b5e000 	C:\WINDOWS\System32\sechost.dll
0x00007ffe17020000 - 0x00007ffe17142000 	C:\WINDOWS\System32\RPCRT4.dll
0x00007ffe17d90000 - 0x00007ffe17f27000 	C:\WINDOWS\System32\USER32.dll
0x00007ffe15cd0000 - 0x00007ffe15cf0000 	C:\WINDOWS\System32\win32u.dll
0x00007ffe17cf0000 - 0x00007ffe17d19000 	C:\WINDOWS\System32\GDI32.dll
0x00007ffe16110000 - 0x00007ffe162aa000 	C:\WINDOWS\System32\gdi32full.dll
0x00007ffe16ad0000 - 0x00007ffe16b70000 	C:\WINDOWS\System32\msvcp_win.dll
0x00007ffe16010000 - 0x00007ffe1610a000 	C:\WINDOWS\System32\ucrtbase.dll
0x00007ffe0bb50000 - 0x00007ffe0bdc9000 	C:\WINDOWS\WinSxS\amd64_microsoft.windows.common-controls_6595b64144ccf1df_6.0.17763.503_none_05b23ef40721f4ae\COMCTL32.dll
0x00007ffe176c0000 - 0x00007ffe179ec000 	C:\WINDOWS\System32\combase.dll
0x00007ffe16300000 - 0x00007ffe1637e000 	C:\WINDOWS\System32\bcryptPrimitives.dll
0x00007ffe17150000 - 0x00007ffe1717e000 	C:\WINDOWS\System32\IMM32.DLL
0x0000000054b40000 - 0x0000000054c11000 	C:\Program Files\Java\jre1.8.0_201\bin\msvcr100.dll
0x0000000054c20000 - 0x00000000554c4000 	C:\Program Files\Java\jre1.8.0_201\bin\server\jvm.dll
0x00007ffe17d80000 - 0x00007ffe17d88000 	C:\WINDOWS\System32\PSAPI.DLL
0x00007ffe0ab80000 - 0x00007ffe0ab89000 	C:\WINDOWS\SYSTEM32\WSOCK32.dll
0x00007ffe12810000 - 0x00007ffe12834000 	C:\WINDOWS\SYSTEM32\WINMM.dll
0x00007ffe16e00000 - 0x00007ffe16e6d000 	C:\WINDOWS\System32\WS2_32.dll
0x00007ffe11690000 - 0x00007ffe1169a000 	C:\WINDOWS\SYSTEM32\VERSION.dll
0x00007ffe127e0000 - 0x00007ffe1280d000 	C:\WINDOWS\SYSTEM32\WINMMBASE.dll
0x00007ffe162b0000 - 0x00007ffe162fa000 	C:\WINDOWS\System32\cfgmgr32.dll
0x00007ffdf93a0000 - 0x00007ffdf93af000 	C:\Program Files\Java\jre1.8.0_201\bin\verify.dll
0x00007ffde3fa0000 - 0x00007ffde3fc9000 	C:\Program Files\Java\jre1.8.0_201\bin\java.dll
0x00007ffdf47a0000 - 0x00007ffdf47b6000 	C:\Program Files\Java\jre1.8.0_201\bin\zip.dll
0x00007ffe183b0000 - 0x00007ffe198a0000 	C:\WINDOWS\System32\SHELL32.dll
0x00007ffe17610000 - 0x00007ffe176b8000 	C:\WINDOWS\System32\shcore.dll
0x00007ffe16380000 - 0x00007ffe16aca000 	C:\WINDOWS\System32\windows.storage.dll
0x00007ffe15a20000 - 0x00007ffe15a44000 	C:\WINDOWS\System32\profapi.dll
0x00007ffe15a90000 - 0x00007ffe15aed000 	C:\WINDOWS\System32\powrprof.dll
0x00007ffe172f0000 - 0x00007ffe17342000 	C:\WINDOWS\System32\shlwapi.dll
0x00007ffe15a70000 - 0x00007ffe15a81000 	C:\WINDOWS\System32\kernel.appcore.dll
0x00007ffe15ff0000 - 0x00007ffe16007000 	C:\WINDOWS\System32\cryptsp.dll
0x0000000065580000 - 0x0000000065616000 	C:\Users\Gobrol\AppData\Local\Temp\libgdxGobrol\12dfaa03\gdx64.dll
0x00007ffe14e60000 - 0x00007ffe14e93000 	C:\WINDOWS\system32\rsaenh.dll
0x00007ffe16c20000 - 0x00007ffe16c46000 	C:\WINDOWS\System32\bcrypt.dll
0x00007ffe15950000 - 0x00007ffe15978000 	C:\WINDOWS\SYSTEM32\USERENV.dll
0x00007ffe15470000 - 0x00007ffe1547c000 	C:\WINDOWS\SYSTEM32\CRYPTBASE.dll
0x00007ffdf3040000 - 0x00007ffdf305a000 	C:\Program Files\Java\jre1.8.0_201\bin\net.dll
0x00007ffe07fb0000 - 0x00007ffe08186000 	C:\WINDOWS\SYSTEM32\urlmon.dll
0x00007ffe07d00000 - 0x00007ffe07fa8000 	C:\WINDOWS\SYSTEM32\iertutil.dll
0x00007ffe152a0000 - 0x00007ffe15307000 	C:\WINDOWS\system32\mswsock.dll
0x00007ffe15000000 - 0x00007ffe1503d000 	C:\WINDOWS\SYSTEM32\IPHLPAPI.DLL
0x00007ffe17180000 - 0x00007ffe17188000 	C:\WINDOWS\System32\NSI.dll
0x00007ffe100f0000 - 0x00007ffe10106000 	C:\WINDOWS\SYSTEM32\dhcpcsvc6.DLL
0x00007ffe100d0000 - 0x00007ffe100ec000 	C:\WINDOWS\SYSTEM32\dhcpcsvc.DLL
0x00007ffe15040000 - 0x00007ffe15106000 	C:\WINDOWS\SYSTEM32\DNSAPI.dll
0x00007ffde3cd0000 - 0x00007ffde3ce1000 	C:\Program Files\Java\jre1.8.0_201\bin\nio.dll
0x0000000180000000 - 0x0000000180053000 	C:\Users\Gobrol\AppData\Local\Temp\libgdxGobrol\dc0f0009\lwjgl64.dll
0x00007ffdd75a0000 - 0x00007ffdd76c7000 	C:\WINDOWS\SYSTEM32\OPENGL32.dll
0x00007ffdf2d80000 - 0x00007ffdf2dac000 	C:\WINDOWS\SYSTEM32\GLU32.dll
0x000000001c3d0000 - 0x000000001c434000 	C:\Users\Gobrol\AppData\Local\Temp\libgdxGobrol\dc0f0009\OpenAL64.dll
0x00007ffe17190000 - 0x00007ffe172e5000 	C:\WINDOWS\System32\ole32.dll
0x00007ffe13f90000 - 0x00007ffe1402c000 	C:\WINDOWS\system32\uxtheme.dll
0x00007ffe17bc0000 - 0x00007ffe17c62000 	C:\WINDOWS\System32\clbcatq.dll
0x00007ffe122a0000 - 0x00007ffe12448000 	C:\WINDOWS\System32\PROPSYS.dll
0x00007ffe179f0000 - 0x00007ffe17ab4000 	C:\WINDOWS\System32\OLEAUT32.dll
0x00007ffde1b80000 - 0x00007ffde1c16000 	C:\WINDOWS\SYSTEM32\dsound.dll
0x00007ffe0fcc0000 - 0x00007ffe0fd30000 	C:\WINDOWS\System32\MMDevApi.dll
0x00007ffe15850000 - 0x00007ffe15879000 	C:\WINDOWS\System32\DEVOBJ.dll
0x00007ffe0ff10000 - 0x00007ffe10058000 	C:\WINDOWS\SYSTEM32\AUDIOSES.DLL
0x00007ffe117c0000 - 0x00007ffe11913000 	C:\WINDOWS\SYSTEM32\wintypes.dll
0x00007ffe11ea0000 - 0x00007ffe11eaa000 	C:\WINDOWS\SYSTEM32\AVRT.dll
0x00007ffe077e0000 - 0x00007ffe079cd000 	C:\WINDOWS\SYSTEM32\dbghelp.dll

VM Arguments:
jvm_args: -Duser.language=es_ES -Dfile.encoding=UTF-8 
java_command: org.uqbar.project.wollok.launch.WollokLauncher -requestsPort 0 -eventsPort 0 -folder -wf src/main.wpgm
java_class_path (initial): C:\Users\Gobrol\Downloads\wollok\workspace\git\2019s1-juego-integrador-moreyra-g-gonzalez-r-baez-g\bin;C:\Users\Gobrol\Downloads\wollok\plugins\com.ibm.icu_56.1.0.v201601250100.jar;C:\Users\Gobrol\Downloads\wollok\plugins\org.eclipse.xtext_2.11.0.v20170130-0808.jar;C:\Users\Gobrol\Downloads\wollok\plugins\org.eclipse.emf.ecore.xmi_2.12.0.v20160420-0247.jar;C:\Users\Gobrol\Downloads\wollok\plugins\org.eclipse.emf.ecore_2.12.0.v20160420-0247.jar;C:\Users\Gobrol\Downloads\wollok\plugins\org.eclipse.emf.common_2.12.0.v20160420-0247.jar;C:\Users\Gobrol\Downloads\wollok\plugins\org.antlr.runtime_3.2.0.v201101311130.jar;C:\Users\Gobrol\Downloads\wollok\plugins\com.google.inject_3.0.0.v201605172100.jar;C:\Users\Gobrol\Downloads\wollok\plugins\org.eclipse.emf.mwe.core_1.4.0.jar;C:\Users\Gobrol\Downloads\wollok\plugins\org.apache.commons.cli_1.2.0.v201404270220.jar;C:\Users\Gobrol\Downloads\wollok\plugins\org.eclipse.emf.mwe2.runtime_2.10.0.jar;C:\Users\Gobrol\Downloads\wollok\plugins\org.eclipse.emf.mwe.utils_1.4.0.jar;C:\Users\Gobrol\Downloads\wollok\plugins\org.eclipse.xtext.util_2.11.0.v20170130-0808.jar;C:\Users\Gobrol\Downloads\wollok\plugins\com.google.guava_15.0.0.v201403281430.jar;C:\Users\Gobrol\Downloads\wollok\plugins\javax.inject_1.0.0.v20091030.jar;C:\Users\Gobrol\Downloads\wollok\plugins\org.eclipse.xtext.generator_2.11.0.v20170131-1210.jar;C:\Users\Gobrol\Downloads\wollok\plugins\org.eclipse.xtext.xtext.generator_2.11.0.v20170130-0808.jar;C:\Users\Gobrol\Downloads\wollok\plugins\org.eclipse.xtext.xbase.lib_2.11.0.v20170124-1424.jar;C:\Users\Gobrol\Downloads\wollok\plugins\org.eclipse.emf.codegen.ecore_2.12.0.v20160526-0356.jar;C:\Users\Gobrol\Downloads\wollok\plugins\org.eclipse.emf.codegen_2.11.0.v20160526-0356.jar;C:\Users\Gobrol\Downloads\wollok\plugins\org.eclipse.xtend_2.2.0.v201605260315.jar;C:\Users\Gobrol\Downloads\wollok\plugins\org.eclipse.xpand_2.2.0.v201605260315.jar;C:\Users\Gobrol\Downloads\wollok\plugins\org.eclipse.
Launcher Type: SUN_STANDARD

Environment Variables:
PATH=C:/Program Files/Java/jre1.8.0_201/bin/server;C:/Program Files/Java/jre1.8.0_201/bin;C:/Program Files/Java/jre1.8.0_201/lib/amd64;C:\Program Files (x86)\Common Files\Oracle\Java\javapath;C:\Windows\system32;C:\Windows;C:\Windows\System32\Wbem;C:\Windows\System32\WindowsPowerShell\v1.0\;C:\Program Files (x86)\NVIDIA Corporation\PhysX\Common;C:\WINDOWS\system32;C:\WINDOWS;C:\WINDOWS\System32\Wbem;C:\WINDOWS\System32\WindowsPowerShell\v1.0\;C:\WINDOWS\System32\OpenSSH\;C:\Program Files (x86)\Windows Live\Shared;C:\Program Files (x86)\QuickTime\QTSystem\;C:\Users\Gobrol\AppData\Local\Microsoft\WindowsApps;;C:\Users\Gobrol\Downloads\wollok;
USERNAME=Gobrol
OS=Windows_NT
PROCESSOR_IDENTIFIER=Intel64 Family 6 Model 158 Stepping 9, GenuineIntel



---------------  S Y S T E M  ---------------

OS: Windows 10.0 , 64 bit Build 17763 (10.0.17763.475)

CPU:total 4 (initial active 4) (4 cores per cpu, 1 threads per core) family 6 model 158 stepping 9, cmov, cx8, fxsr, mmx, sse, sse2, sse3, ssse3, sse4.1, sse4.2, popcnt, avx, avx2, aes, clmul, erms, 3dnowpref, lzcnt, tsc, tscinvbit, bmi1, bmi2, adx

Memory: 4k page, physical 8351884k(3116900k free), swap 17291612k(7038320k free)

vm_info: Java HotSpot(TM) 64-Bit Server VM (25.201-b09) for windows-amd64 JRE (1.8.0_201-b09), built on Dec 15 2018 18:36:39 by "java_re" with MS VC++ 10.0 (VS2010)

time: Mon Jun 10 15:45:06 2019
timezone: Hora estándar de Argentina
elapsed time: 6 seconds (0d 0h 0m 6s)

